#
# There is insufficient memory for the Java Runtime Environment to continue.
# Native memory allocation (mmap) failed to map 266338304 bytes for G1 virtual space
# Possible reasons:
#   The system is out of physical RAM or swap space
#   The process is running with CompressedOops enabled, and the Java Heap may be blocking the growth of the native heap
# Possible solutions:
#   Reduce memory load on the system
#   Increase physical memory or swap space
#   Check if swap backing store is full
#   Decrease Java heap size (-Xmx/-Xms)
#   Decrease number of Java threads
#   Decrease Java thread stack sizes (-Xss)
#   Set larger code cache with -XX:ReservedCodeCacheSize=
#   JVM is running with Zero Based Compressed Oops mode in which the Java heap is
#     placed in the first 32GB address space. The Java Heap base address is the
#     maximum limit for the native heap growth. Please use -XX:HeapBaseMinAddress
#     to set the Java Heap base and to place the Java Heap above 32GB virtual address.
# This output file may be truncated or incomplete.
#
#  Out of Memory Error (os_windows.cpp:3532), pid=17996, tid=3264
#
# JRE version:  (17.0.2+8) (build )
# Java VM: OpenJDK 64-Bit Server VM (17.0.2+8, mixed mode, sharing, tiered, compressed oops, compressed class ptrs, g1 gc, windows-amd64)
# No core dump will be written. Minidumps are not enabled by default on client versions of Windows
#

---------------  S U M M A R Y ------------

Command Line: -Dfile.encoding=Cp1252 -XX:+ShowCodeDetailsInExceptionMessages View.Main

Host: Intel(R) Core(TM) i7-6700 CPU @ 3.40GHz, 8 cores, 15G,  Windows 10 , 64 bit Build 19041 (10.0.19041.1645)
Time: Thu May 12 00:22:52 2022 GTB Daylight Time elapsed time: 0.117152 seconds (0d 0h 0m 0s)

---------------  T H R E A D  ---------------

Current thread (0x0000019c7af6aa50):  JavaThread "Unknown thread" [_thread_in_vm, id=3264, stack(0x0000006fc1b00000,0x0000006fc1c00000)]

Stack: [0x0000006fc1b00000,0x0000006fc1c00000]
Native frames: (J=compiled Java code, j=interpreted, Vv=VM code, C=native code)
V  [jvm.dll+0x67564a]
V  [jvm.dll+0x82fc04]
V  [jvm.dll+0x8313ae]
V  [jvm.dll+0x831a13]
V  [jvm.dll+0x245235]
V  [jvm.dll+0x672539]
V  [jvm.dll+0x666e82]
V  [jvm.dll+0x30401b]
V  [jvm.dll+0x30b566]
V  [jvm.dll+0x35b1fe]
V  [jvm.dll+0x35b42f]
V  [jvm.dll+0x2daf58]
V  [jvm.dll+0x2dbec4]
V  [jvm.dll+0x801881]
V  [jvm.dll+0x368f81]
V  [jvm.dll+0x7e0cdc]
V  [jvm.dll+0x3eb8bf]
V  [jvm.dll+0x3ed441]
C  [jli.dll+0x5277]
C  [ucrtbase.dll+0x21bb2]
C  [KERNEL32.DLL+0x17034]
C  [ntdll.dll+0x52651]


---------------  P R O C E S S  ---------------

Threads class SMR info:
_java_thread_list=0x00007ffebcf95e98, length=0, elements={
}

Java Threads: ( => current thread )

Other Threads:
  0x0000019c7afb82d0 GCTaskThread "GC Thread#0" [stack: 0x0000006fc1c00000,0x0000006fc1d00000] [id=8208]
  0x0000019c7afcb630 ConcurrentGCThread "G1 Main Marker" [stack: 0x0000006fc1d00000,0x0000006fc1e00000] [id=3388]
  0x0000019c7afccef0 ConcurrentGCThread "G1 Conc#0" [stack: 0x0000006fc1e00000,0x0000006fc1f00000] [id=7440]

[error occurred during error reporting (printing all threads), id 0xc0000005, EXCEPTION_ACCESS_VIOLATION (0xc0000005) at pc=0x00007ffebc76b9d7]

VM state: not at safepoint (not fully initialized)

VM Mutex/Monitor currently owned by a thread:  ([mutex/lock_event])
[0x0000019c7af651a0] Heap_lock - owner thread: 0x0000019c7af6aa50

Heap address: 0x0000000702400000, size: 4060 MB, Compressed Oops mode: Zero based, Oop shift amount: 3

CDS archive(s) mapped at: [0x0000000000000000-0x0000000000000000-0x0000000000000000), size 0, SharedBaseAddress: 0x0000000800000000, ArchiveRelocationMode: 0.
Narrow klass base: 0x0000000000000000, Narrow klass shift: 0, Narrow klass range: 0x0

GC Precious Log:
<Empty>

Heap:
 garbage-first heap   total 0K, used 0K [0x0000000702400000, 0x0000000800000000)
  region size 2048K, 0 young (0K), 0 survivors (0K)

[error occurred during error reporting (printing heap information), id 0xc0000005, EXCEPTION_ACCESS_VIOLATION (0xc0000005) at pc=0x00007ffebcb4e899]

GC Heap History (0 events):
No events

Deoptimization events (0 events):
No events

Classes unloaded (0 events):
No events

Classes redefined (0 events):
No events

Internal exceptions (0 events):
No events

VM Operations (0 events):
No events

Events (1 events):
Event: 0.007 Loaded shared library C:\Users\jatri\.p2\pool\plugins\org.eclipse.justj.openjdk.hotspot.jre.full.win32.x86_64_17.0.2.v20220201-1208\jre\bin\java.dll


Dynamic libraries:
0x00007ff7338a0000 - 0x00007ff7338ae000 	C:\Users\jatri\.p2\pool\plugins\org.eclipse.justj.openjdk.hotspot.jre.full.win32.x86_64_17.0.2.v20220201-1208\jre\bin\javaw.exe
0x00007ffefeb30000 - 0x00007ffefed25000 	C:\Windows\SYSTEM32\ntdll.dll
0x00007ffefe6d0000 - 0x00007ffefe78e000 	C:\Windows\System32\KERNEL32.DLL
0x00007ffefc310000 - 0x00007ffefc5d8000 	C:\Windows\System32\KERNELBASE.dll
0x00007ffef9850000 - 0x00007ffef98e0000 	C:\Windows\SYSTEM32\apphelp.dll
0x00007ffefc980000 - 0x00007ffefca80000 	C:\Windows\System32\ucrtbase.dll
0x00007ffef3c20000 - 0x00007ffef3c38000 	C:\Users\jatri\.p2\pool\plugins\org.eclipse.justj.openjdk.hotspot.jre.full.win32.x86_64_17.0.2.v20220201-1208\jre\bin\jli.dll
0x00007ffef3c00000 - 0x00007ffef3c19000 	C:\Users\jatri\.p2\pool\plugins\org.eclipse.justj.openjdk.hotspot.jre.full.win32.x86_64_17.0.2.v20220201-1208\jre\bin\VCRUNTIME140.dll
0x00007ffefd5b0000 - 0x00007ffefd750000 	C:\Windows\System32\USER32.dll
0x00007ffeee870000 - 0x00007ffeeeb0a000 	C:\Windows\WinSxS\amd64_microsoft.windows.common-controls_6595b64144ccf1df_6.0.19041.1110_none_60b5254171f9507e\COMCTL32.dll
0x00007ffefc5e0000 - 0x00007ffefc602000 	C:\Windows\System32\win32u.dll
0x00007ffefe530000 - 0x00007ffefe55a000 	C:\Windows\System32\GDI32.dll
0x00007ffefcb90000 - 0x00007ffefcc2e000 	C:\Windows\System32\msvcrt.dll
0x00007ffefca80000 - 0x00007ffefcb8b000 	C:\Windows\System32\gdi32full.dll
0x00007ffefc750000 - 0x00007ffefc7ed000 	C:\Windows\System32\msvcp_win.dll
0x00007ffefd370000 - 0x00007ffefd3a0000 	C:\Windows\System32\IMM32.DLL
0x00007ffef7380000 - 0x00007ffef738c000 	C:\Users\jatri\.p2\pool\plugins\org.eclipse.justj.openjdk.hotspot.jre.full.win32.x86_64_17.0.2.v20220201-1208\jre\bin\vcruntime140_1.dll
0x00007ffeedaa0000 - 0x00007ffeedb31000 	C:\Users\jatri\.p2\pool\plugins\org.eclipse.justj.openjdk.hotspot.jre.full.win32.x86_64_17.0.2.v20220201-1208\jre\bin\msvcp140.dll
0x00007ffebc480000 - 0x00007ffebd0c7000 	C:\Users\jatri\.p2\pool\plugins\org.eclipse.justj.openjdk.hotspot.jre.full.win32.x86_64_17.0.2.v20220201-1208\jre\bin\server\jvm.dll
0x00007ffefcc90000 - 0x00007ffefcd3e000 	C:\Windows\System32\ADVAPI32.dll
0x00007ffefe5c0000 - 0x00007ffefe65c000 	C:\Windows\System32\sechost.dll
0x00007ffefd240000 - 0x00007ffefd365000 	C:\Windows\System32\RPCRT4.dll
0x00007ffefd9a0000 - 0x00007ffefd9a8000 	C:\Windows\System32\PSAPI.DLL
0x00007ffef22c0000 - 0x00007ffef22e7000 	C:\Windows\SYSTEM32\WINMM.dll
0x00007ffef6a60000 - 0x00007ffef6a69000 	C:\Windows\SYSTEM32\WSOCK32.dll
0x00007ffef5360000 - 0x00007ffef536a000 	C:\Windows\SYSTEM32\VERSION.dll
0x00007ffefe660000 - 0x00007ffefe6cb000 	C:\Windows\System32\WS2_32.dll
0x00007ffefa190000 - 0x00007ffefa1a2000 	C:\Windows\SYSTEM32\kernel.appcore.dll
0x00007ffeeedc0000 - 0x00007ffeeedca000 	C:\Users\jatri\.p2\pool\plugins\org.eclipse.justj.openjdk.hotspot.jre.full.win32.x86_64_17.0.2.v20220201-1208\jre\bin\jimage.dll
0x00007ffef58a0000 - 0x00007ffef5a84000 	C:\Windows\SYSTEM32\DBGHELP.DLL
0x00007ffef53c0000 - 0x00007ffef53ec000 	C:\Windows\SYSTEM32\dbgcore.DLL
0x00007ffefc6c0000 - 0x00007ffefc742000 	C:\Windows\System32\bcryptPrimitives.dll
0x00007ffed71c0000 - 0x00007ffed71e5000 	C:\Users\jatri\.p2\pool\plugins\org.eclipse.justj.openjdk.hotspot.jre.full.win32.x86_64_17.0.2.v20220201-1208\jre\bin\java.dll

dbghelp: loaded successfully - version: 4.0.5 - missing functions: none
symbol engine: initialized successfully - sym options: 0x614 - pdb path: .;C:\Users\jatri\.p2\pool\plugins\org.eclipse.justj.openjdk.hotspot.jre.full.win32.x86_64_17.0.2.v20220201-1208\jre\bin;C:\Windows\SYSTEM32;C:\Windows\WinSxS\amd64_microsoft.windows.common-controls_6595b64144ccf1df_6.0.19041.1110_none_60b5254171f9507e;C:\Users\jatri\.p2\pool\plugins\org.eclipse.justj.openjdk.hotspot.jre.full.win32.x86_64_17.0.2.v20220201-1208\jre\bin\server

VM Arguments:
jvm_args: -Dfile.encoding=Cp1252 -XX:+ShowCodeDetailsInExceptionMessages 
java_command: View.Main
java_class_path (initial): F:\ellie\documents\UOC-CSD\Year3\2\351\phaseb\VaccinationPlatform\bin
Launcher Type: SUN_STANDARD

[Global flags]
     intx CICompilerCount                          = 4                                         {product} {ergonomic}
     uint ConcGCThreads                            = 2                                         {product} {ergonomic}
     uint G1ConcRefinementThreads                  = 8                                         {product} {ergonomic}
   size_t G1HeapRegionSize                         = 2097152                                   {product} {ergonomic}
    uintx GCDrainStackTargetSize                   = 64                                        {product} {ergonomic}
   size_t InitialHeapSize                          = 266338304                                 {product} {ergonomic}
   size_t MarkStackSize                            = 4194304                                   {product} {ergonomic}
   size_t MaxHeapSize                              = 4257218560                                {product} {ergonomic}
   size_t MinHeapDeltaBytes                        = 2097152                                   {product} {ergonomic}
   size_t MinHeapSize                              = 8388608                                   {product} {ergonomic}
    uintx NonNMethodCodeHeapSize                   = 5839372                                {pd product} {ergonomic}
    uintx NonProfiledCodeHeapSize                  = 122909434                              {pd product} {ergonomic}
    uintx ProfiledCodeHeapSize                     = 122909434                              {pd product} {ergonomic}
    uintx ReservedCodeCacheSize                    = 251658240                              {pd product} {ergonomic}
     bool SegmentedCodeCache                       = true                                      {product} {ergonomic}
     bool ShowCodeDetailsInExceptionMessages       = true                                   {manageable} {command line}
   size_t SoftMaxHeapSize                          = 4257218560                             {manageable} {ergonomic}
     bool UseCompressedClassPointers               = true                           {product lp64_product} {ergonomic}
     bool UseCompressedOops                        = true                           {product lp64_product} {ergonomic}
     bool UseG1GC                                  = true                                      {product} {ergonomic}
     bool UseLargePagesIndividualAllocation        = false                                  {pd product} {ergonomic}

Logging:
Log output configuration:
 #0: stdout all=warning uptime,level,tags
 #1: stderr all=off uptime,level,tags

Environment Variables:
PATH=C:/Users/jatri/.p2/pool/plugins/org.eclipse.justj.openjdk.hotspot.jre.full.win32.x86_64_17.0.2.v20220201-1208/jre/bin/server;C:/Users/jatri/.p2/pool/plugins/org.eclipse.justj.openjdk.hotspot.jre.full.win32.x86_64_17.0.2.v20220201-1208/jre/bin;C:/Users/jatri/AppData/Local/Temp/eoi10E3.tmp//plugins/org.eclipse.justj.openjdk.hotspot.jre.minimal.stripped.win32.x86_64_17.0.2.v20220201-1208/jre/bin/server;C:/Users/jatri/AppData/Local/Temp/eoi10E3.tmp//plugins/org.eclipse.justj.openjdk.hotspot.jre.minimal.stripped.win32.x86_64_17.0.2.v20220201-1208/jre/bin;C:\Windows\system32;C:\Windows;C:\Windows\System32\Wbem;C:\Windows\System32\WindowsPowerShell\v1.0\;C:\Windows\System32\OpenSSH\;C:\Program Files\dotnet\;C:\Program Files\Git\cmd;C:\Users\jatri\AppData\Local\Microsoft\WindowsApps;C:\Users\jatri\.dotnet\tools;C:\Users\jatri\AppData\Local\Programs\Microsoft VS Code\bin;C:\Users\jatri\AppData\Local\atom\bin;C:\Users\jatri\Downloads;;C:\Users\jatri\Downloads;
USERNAME=jatri
OS=Windows_NT
PROCESSOR_IDENTIFIER=Intel64 Family 6 Model 94 Stepping 3, GenuineIntel



---------------  S Y S T E M  ---------------

OS:
 Windows 10 , 64 bit Build 19041 (10.0.19041.1645)
OS uptime: 25 days 23:08 hours

CPU: total 8 (initial active 8) (4 cores per cpu, 2 threads per core) family 6 model 94 stepping 3 microcode 0xcc, cx8, cmov, fxsr, ht, mmx, 3dnowpref, sse, sse2, sse3, ssse3, sse4.1, sse4.2, popcnt, lzcnt, tsc, tscinvbit, avx, avx2, aes, erms, clmul, bmi1, bmi2, rtm, adx, fma, vzeroupper, clflush, clflushopt

Memory: 4k page, system-wide physical 16233M (325M free)
TotalPageFile size 46672M (AvailPageFile size 127M)
current process WorkingSet (physical memory assigned to process): 11M, peak: 11M
current process commit charge ("private bytes"): 60M, peak: 314M

vm_info: OpenJDK 64-Bit Server VM (17.0.2+8) for windows-amd64 JRE (17.0.2+8), built on Jan 20 2022 04:52:34 by "" with MS VC++ 16.7 (VS2019)

END.
